<?xml version="1.0" encoding="UTF-8"?>
<!-- Generated by org.testng.reporters.JUnitReportReporter -->
<testsuite skipped="0" hostname="Dev05" name="tests.SignInUpTest" tests="1" failures="0" timestamp="03 Oct 2017 21:21:21 GMT" time="152.593" errors="0">
  <testcase name="signUpScreenFunctional" time="152.593" classname="tests.SignInUpTest"/>
</testsuite> <!-- tests.SignInUpTest -->
