<?xml version="1.0" encoding="UTF-8"?>
<!-- Generated by org.testng.reporters.JUnitReportReporter -->
<testsuite skipped="0" hostname="Dev05" name="test.testExample" tests="1" failures="0" timestamp="04 Oct 2017 20:39:50 GMT" time="8.569" errors="0">
  <testcase name="logIn" time="8.569" classname="test.testExample"/>
</testsuite> <!-- test.testExample -->
