<?xml version="1.0" encoding="UTF-8"?>
<!-- Generated by org.testng.reporters.JUnitReportReporter -->
<testsuite skipped="0" hostname="Dev05" name="test.testExample" tests="1" failures="0" timestamp="03 Oct 2017 20:23:19 GMT" time="9.688" errors="0">
  <testcase name="logIn" time="9.688" classname="test.testExample"/>
</testsuite> <!-- test.testExample -->
