<?xml version="1.0" encoding="UTF-8"?>
<!-- Generated by org.testng.reporters.JUnitReportReporter -->
<testsuite skipped="0" hostname="BEDI-PC" name="tests.SignInUpTest" tests="1" failures="0" timestamp="29 Sep 2017 05:19:02 GMT" time="93.723" errors="0">
  <testcase name="signInScreenFunctional" time="93.723" classname="tests.SignInUpTest"/>
</testsuite> <!-- tests.SignInUpTest -->
