<?xml version="1.0" encoding="UTF-8"?>
<!-- Generated by org.testng.reporters.JUnitReportReporter -->
<testsuite skipped="0" hostname="Dev05" name="tests.SignInUpTest" tests="1" failures="0" timestamp="02 Oct 2017 20:47:21 GMT" time="108.249" errors="0">
  <testcase name="signInFunctional" time="108.249" classname="tests.SignInUpTest"/>
</testsuite> <!-- tests.SignInUpTest -->
