<?xml version="1.0" encoding="UTF-8"?>
<!-- Generated by org.testng.reporters.JUnitReportReporter -->
<testsuite skipped="0" hostname="Dev05" name="test.testExample" tests="1" failures="0" timestamp="06 Oct 2017 18:58:23 GMT" time="40.634" errors="0">
  <testcase name="logIn" time="40.634" classname="test.testExample"/>
</testsuite> <!-- test.testExample -->
