<?xml version="1.0" encoding="UTF-8"?>
<!-- Generated by org.testng.reporters.JUnitReportReporter -->
<testsuite skipped="0" hostname="Dev05" name="tests.SignInUpTest" tests="1" failures="0" timestamp="29 Sep 2017 20:43:56 GMT" time="168.057" errors="0">
  <testcase name="signUpConfirmation" time="168.057" classname="tests.SignInUpTest"/>
</testsuite> <!-- tests.SignInUpTest -->
