<?xml version="1.0" encoding="UTF-8"?>
<!-- Generated by org.testng.reporters.JUnitReportReporter -->
<testsuite skipped="0" hostname="Dev05" name="tests.SignInUpTest" tests="1" failures="0" timestamp="06 Oct 2017 21:42:51 GMT" time="28.282" errors="0">
  <testcase name="sigInVerification" time="28.282" classname="tests.SignInUpTest"/>
</testsuite> <!-- tests.SignInUpTest -->
