<?xml version="1.0" encoding="UTF-8"?>
<!-- Generated by org.testng.reporters.JUnitReportReporter -->
<testsuite skipped="0" hostname="BEDI-PC" name="com.tests.AppTest" tests="1" failures="0" timestamp="24 Sep 2017 22:43:49 GMT" time="32.100" errors="0">
  <testcase name="testLogin" time="32.100" classname="com.tests.AppTest"/>
</testsuite> <!-- com.tests.AppTest -->
